[14-Feb-2020 08:56:17 UTC] PHP Fatal error:  Uncaught Error: Call to undefined function wp_get_post_parant_id() in /Users/biancakaritas/Local Sites/meter/app/public/wp-content/themes/meter/page.php:10
Stack trace:
#0 /Users/biancakaritas/Local Sites/meter/app/public/wp-includes/template-loader.php(98): include()
#1 /Users/biancakaritas/Local Sites/meter/app/public/wp-blog-header.php(19): require_once('/Users/biancaka...')
#2 /Users/biancakaritas/Local Sites/meter/app/public/index.php(17): require('/Users/biancaka...')
#3 {main}
  thrown in /Users/biancakaritas/Local Sites/meter/app/public/wp-content/themes/meter/page.php on line 10
[14-Feb-2020 08:56:26 UTC] PHP Fatal error:  Uncaught Error: Call to undefined function wp_get_post_parant_id() in /Users/biancakaritas/Local Sites/meter/app/public/wp-content/themes/meter/page.php:10
Stack trace:
#0 /Users/biancakaritas/Local Sites/meter/app/public/wp-includes/template-loader.php(98): include()
#1 /Users/biancakaritas/Local Sites/meter/app/public/wp-blog-header.php(19): require_once('/Users/biancaka...')
#2 /Users/biancakaritas/Local Sites/meter/app/public/index.php(17): require('/Users/biancaka...')
#3 {main}
  thrown in /Users/biancakaritas/Local Sites/meter/app/public/wp-content/themes/meter/page.php on line 10
[14-Feb-2020 10:13:34 UTC] PHP Fatal error:  Uncaught Error: Call to undefined function wp_enqueue_stript() in /Users/biancakaritas/Local Sites/meter/app/public/wp-content/themes/meter/functions.php:3
Stack trace:
#0 /Users/biancakaritas/Local Sites/meter/app/public/wp-includes/class-wp-hook.php(288): meter_files('')
#1 /Users/biancakaritas/Local Sites/meter/app/public/wp-includes/class-wp-hook.php(312): WP_Hook->apply_filters(NULL, Array)
#2 /Users/biancakaritas/Local Sites/meter/app/public/wp-includes/plugin.php(478): WP_Hook->do_action(Array)
#3 /Users/biancakaritas/Local Sites/meter/app/public/wp-includes/script-loader.php(2670): do_action('wp_enqueue_scri...')
#4 /Users/biancakaritas/Local Sites/meter/app/public/wp-includes/class-wp-hook.php(288): wp_enqueue_scripts('')
#5 /Users/biancakaritas/Local Sites/meter/app/public/wp-includes/class-wp-hook.php(312): WP_Hook->apply_filters(NULL, Array)
#6 /Users/biancakaritas/Local Sites/meter/app/public/wp-includes/plugin.php(478): WP_Hook->do_action(Array)
#7 /Users/biancakaritas/Local Sites/meter/app/publ in /Users/biancakaritas/Local Sites/meter/app/public/wp-content/themes/meter/functions.php on line 3
[14-Feb-2020 10:13:40 UTC] PHP Fatal error:  Uncaught Error: Call to undefined function wp_enqueue_stript() in /Users/biancakaritas/Local Sites/meter/app/public/wp-content/themes/meter/functions.php:3
Stack trace:
#0 /Users/biancakaritas/Local Sites/meter/app/public/wp-includes/class-wp-hook.php(288): meter_files('')
#1 /Users/biancakaritas/Local Sites/meter/app/public/wp-includes/class-wp-hook.php(312): WP_Hook->apply_filters(NULL, Array)
#2 /Users/biancakaritas/Local Sites/meter/app/public/wp-includes/plugin.php(478): WP_Hook->do_action(Array)
#3 /Users/biancakaritas/Local Sites/meter/app/public/wp-includes/script-loader.php(2670): do_action('wp_enqueue_scri...')
#4 /Users/biancakaritas/Local Sites/meter/app/public/wp-includes/class-wp-hook.php(288): wp_enqueue_scripts('')
#5 /Users/biancakaritas/Local Sites/meter/app/public/wp-includes/class-wp-hook.php(312): WP_Hook->apply_filters(NULL, Array)
#6 /Users/biancakaritas/Local Sites/meter/app/public/wp-includes/plugin.php(478): WP_Hook->do_action(Array)
#7 /Users/biancakaritas/Local Sites/meter/app/publ in /Users/biancakaritas/Local Sites/meter/app/public/wp-content/themes/meter/functions.php on line 3
[14-Feb-2020 10:13:53 UTC] PHP Fatal error:  Uncaught Error: Call to undefined function wp_enqueue_stript() in /Users/biancakaritas/Local Sites/meter/app/public/wp-content/themes/meter/functions.php:3
Stack trace:
#0 /Users/biancakaritas/Local Sites/meter/app/public/wp-includes/class-wp-hook.php(288): meter_files('')
#1 /Users/biancakaritas/Local Sites/meter/app/public/wp-includes/class-wp-hook.php(312): WP_Hook->apply_filters(NULL, Array)
#2 /Users/biancakaritas/Local Sites/meter/app/public/wp-includes/plugin.php(478): WP_Hook->do_action(Array)
#3 /Users/biancakaritas/Local Sites/meter/app/public/wp-includes/script-loader.php(2670): do_action('wp_enqueue_scri...')
#4 /Users/biancakaritas/Local Sites/meter/app/public/wp-includes/class-wp-hook.php(288): wp_enqueue_scripts('')
#5 /Users/biancakaritas/Local Sites/meter/app/public/wp-includes/class-wp-hook.php(312): WP_Hook->apply_filters(NULL, Array)
#6 /Users/biancakaritas/Local Sites/meter/app/public/wp-includes/plugin.php(478): WP_Hook->do_action(Array)
#7 /Users/biancakaritas/Local Sites/meter/app/publ in /Users/biancakaritas/Local Sites/meter/app/public/wp-content/themes/meter/functions.php on line 3
[14-Feb-2020 10:15:32 UTC] PHP Fatal error:  Uncaught Error: Call to undefined function wp_enqueue_stript() in /Users/biancakaritas/Local Sites/meter/app/public/wp-content/themes/meter/functions.php:3
Stack trace:
#0 /Users/biancakaritas/Local Sites/meter/app/public/wp-includes/class-wp-hook.php(288): meter_files('')
#1 /Users/biancakaritas/Local Sites/meter/app/public/wp-includes/class-wp-hook.php(312): WP_Hook->apply_filters(NULL, Array)
#2 /Users/biancakaritas/Local Sites/meter/app/public/wp-includes/plugin.php(478): WP_Hook->do_action(Array)
#3 /Users/biancakaritas/Local Sites/meter/app/public/wp-includes/script-loader.php(2670): do_action('wp_enqueue_scri...')
#4 /Users/biancakaritas/Local Sites/meter/app/public/wp-includes/class-wp-hook.php(288): wp_enqueue_scripts('')
#5 /Users/biancakaritas/Local Sites/meter/app/public/wp-includes/class-wp-hook.php(312): WP_Hook->apply_filters(NULL, Array)
#6 /Users/biancakaritas/Local Sites/meter/app/public/wp-includes/plugin.php(478): WP_Hook->do_action(Array)
#7 /Users/biancakaritas/Local Sites/meter/app/publ in /Users/biancakaritas/Local Sites/meter/app/public/wp-content/themes/meter/functions.php on line 3
[14-Feb-2020 10:16:54 UTC] PHP Fatal error:  Uncaught Error: Call to undefined function wp_get_post_parant_id() in /Users/biancakaritas/Local Sites/meter/app/public/wp-content/themes/meter/page.php:10
Stack trace:
#0 /Users/biancakaritas/Local Sites/meter/app/public/wp-includes/template-loader.php(98): include()
#1 /Users/biancakaritas/Local Sites/meter/app/public/wp-blog-header.php(19): require_once('/Users/biancaka...')
#2 /Users/biancakaritas/Local Sites/meter/app/public/index.php(17): require('/Users/biancaka...')
#3 {main}
  thrown in /Users/biancakaritas/Local Sites/meter/app/public/wp-content/themes/meter/page.php on line 10
[14-Feb-2020 10:19:13 UTC] PHP Fatal error:  Uncaught Error: Call to undefined function wp_get_post_parant_id() in /Users/biancakaritas/Local Sites/meter/app/public/wp-content/themes/meter/page.php:10
Stack trace:
#0 /Users/biancakaritas/Local Sites/meter/app/public/wp-includes/template-loader.php(98): include()
#1 /Users/biancakaritas/Local Sites/meter/app/public/wp-blog-header.php(19): require_once('/Users/biancaka...')
#2 /Users/biancakaritas/Local Sites/meter/app/public/index.php(17): require('/Users/biancaka...')
#3 {main}
  thrown in /Users/biancakaritas/Local Sites/meter/app/public/wp-content/themes/meter/page.php on line 10
[14-Feb-2020 10:19:16 UTC] PHP Fatal error:  Uncaught Error: Call to undefined function wp_get_post_parant_id() in /Users/biancakaritas/Local Sites/meter/app/public/wp-content/themes/meter/page.php:10
Stack trace:
#0 /Users/biancakaritas/Local Sites/meter/app/public/wp-includes/template-loader.php(98): include()
#1 /Users/biancakaritas/Local Sites/meter/app/public/wp-blog-header.php(19): require_once('/Users/biancaka...')
#2 /Users/biancakaritas/Local Sites/meter/app/public/index.php(17): require('/Users/biancaka...')
#3 {main}
  thrown in /Users/biancakaritas/Local Sites/meter/app/public/wp-content/themes/meter/page.php on line 10
[14-Feb-2020 10:19:18 UTC] PHP Fatal error:  Uncaught Error: Call to undefined function wp_get_post_parant_id() in /Users/biancakaritas/Local Sites/meter/app/public/wp-content/themes/meter/page.php:10
Stack trace:
#0 /Users/biancakaritas/Local Sites/meter/app/public/wp-includes/template-loader.php(98): include()
#1 /Users/biancakaritas/Local Sites/meter/app/public/wp-blog-header.php(19): require_once('/Users/biancaka...')
#2 /Users/biancakaritas/Local Sites/meter/app/public/index.php(17): require('/Users/biancaka...')
#3 {main}
  thrown in /Users/biancakaritas/Local Sites/meter/app/public/wp-content/themes/meter/page.php on line 10
[14-Feb-2020 10:19:19 UTC] PHP Fatal error:  Uncaught Error: Call to undefined function wp_get_post_parant_id() in /Users/biancakaritas/Local Sites/meter/app/public/wp-content/themes/meter/page.php:10
Stack trace:
#0 /Users/biancakaritas/Local Sites/meter/app/public/wp-includes/template-loader.php(98): include()
#1 /Users/biancakaritas/Local Sites/meter/app/public/wp-blog-header.php(19): require_once('/Users/biancaka...')
#2 /Users/biancakaritas/Local Sites/meter/app/public/index.php(17): require('/Users/biancaka...')
#3 {main}
  thrown in /Users/biancakaritas/Local Sites/meter/app/public/wp-content/themes/meter/page.php on line 10
[14-Feb-2020 10:19:20 UTC] PHP Fatal error:  Uncaught Error: Call to undefined function wp_get_post_parant_id() in /Users/biancakaritas/Local Sites/meter/app/public/wp-content/themes/meter/page.php:10
Stack trace:
#0 /Users/biancakaritas/Local Sites/meter/app/public/wp-includes/template-loader.php(98): include()
#1 /Users/biancakaritas/Local Sites/meter/app/public/wp-blog-header.php(19): require_once('/Users/biancaka...')
#2 /Users/biancakaritas/Local Sites/meter/app/public/index.php(17): require('/Users/biancaka...')
#3 {main}
  thrown in /Users/biancakaritas/Local Sites/meter/app/public/wp-content/themes/meter/page.php on line 10
[14-Feb-2020 10:19:21 UTC] PHP Fatal error:  Uncaught Error: Call to undefined function wp_get_post_parant_id() in /Users/biancakaritas/Local Sites/meter/app/public/wp-content/themes/meter/page.php:10
Stack trace:
#0 /Users/biancakaritas/Local Sites/meter/app/public/wp-includes/template-loader.php(98): include()
#1 /Users/biancakaritas/Local Sites/meter/app/public/wp-blog-header.php(19): require_once('/Users/biancaka...')
#2 /Users/biancakaritas/Local Sites/meter/app/public/index.php(17): require('/Users/biancaka...')
#3 {main}
  thrown in /Users/biancakaritas/Local Sites/meter/app/public/wp-content/themes/meter/page.php on line 10
[14-Feb-2020 10:19:22 UTC] PHP Fatal error:  Uncaught Error: Call to undefined function wp_get_post_parant_id() in /Users/biancakaritas/Local Sites/meter/app/public/wp-content/themes/meter/page.php:10
Stack trace:
#0 /Users/biancakaritas/Local Sites/meter/app/public/wp-includes/template-loader.php(98): include()
#1 /Users/biancakaritas/Local Sites/meter/app/public/wp-blog-header.php(19): require_once('/Users/biancaka...')
#2 /Users/biancakaritas/Local Sites/meter/app/public/index.php(17): require('/Users/biancaka...')
#3 {main}
  thrown in /Users/biancakaritas/Local Sites/meter/app/public/wp-content/themes/meter/page.php on line 10
[14-Feb-2020 10:21:08 UTC] PHP Fatal error:  Uncaught Error: Call to undefined function wp_get_post_parant_id() in /Users/biancakaritas/Local Sites/meter/app/public/wp-content/themes/meter/page.php:10
Stack trace:
#0 /Users/biancakaritas/Local Sites/meter/app/public/wp-includes/template-loader.php(98): include()
#1 /Users/biancakaritas/Local Sites/meter/app/public/wp-blog-header.php(19): require_once('/Users/biancaka...')
#2 /Users/biancakaritas/Local Sites/meter/app/public/index.php(17): require('/Users/biancaka...')
#3 {main}
  thrown in /Users/biancakaritas/Local Sites/meter/app/public/wp-content/themes/meter/page.php on line 10
[14-Feb-2020 10:21:32 UTC] PHP Fatal error:  Uncaught Error: Call to undefined function wp_get_post_parant_id() in /Users/biancakaritas/Local Sites/meter/app/public/wp-content/themes/meter/page.php:10
Stack trace:
#0 /Users/biancakaritas/Local Sites/meter/app/public/wp-includes/template-loader.php(98): include()
#1 /Users/biancakaritas/Local Sites/meter/app/public/wp-blog-header.php(19): require_once('/Users/biancaka...')
#2 /Users/biancakaritas/Local Sites/meter/app/public/index.php(17): require('/Users/biancaka...')
#3 {main}
  thrown in /Users/biancakaritas/Local Sites/meter/app/public/wp-content/themes/meter/page.php on line 10
[14-Feb-2020 10:21:54 UTC] PHP Fatal error:  Uncaught Error: Call to undefined function wp_get_post_parant_id() in /Users/biancakaritas/Local Sites/meter/app/public/wp-content/themes/meter/page.php:10
Stack trace:
#0 /Users/biancakaritas/Local Sites/meter/app/public/wp-includes/template-loader.php(98): include()
#1 /Users/biancakaritas/Local Sites/meter/app/public/wp-blog-header.php(19): require_once('/Users/biancaka...')
#2 /Users/biancakaritas/Local Sites/meter/app/public/index.php(17): require('/Users/biancaka...')
#3 {main}
  thrown in /Users/biancakaritas/Local Sites/meter/app/public/wp-content/themes/meter/page.php on line 10
[14-Feb-2020 10:22:15 UTC] PHP Fatal error:  Uncaught Error: Call to undefined function wp_get_post_parant_id() in /Users/biancakaritas/Local Sites/meter/app/public/wp-content/themes/meter/page.php:10
Stack trace:
#0 /Users/biancakaritas/Local Sites/meter/app/public/wp-includes/template-loader.php(98): include()
#1 /Users/biancakaritas/Local Sites/meter/app/public/wp-blog-header.php(19): require_once('/Users/biancaka...')
#2 /Users/biancakaritas/Local Sites/meter/app/public/index.php(17): require('/Users/biancaka...')
#3 {main}
  thrown in /Users/biancakaritas/Local Sites/meter/app/public/wp-content/themes/meter/page.php on line 10
[14-Feb-2020 10:22:29 UTC] PHP Fatal error:  Uncaught Error: Call to undefined function wp_get_post_parant_id() in /Users/biancakaritas/Local Sites/meter/app/public/wp-content/themes/meter/page.php:10
Stack trace:
#0 /Users/biancakaritas/Local Sites/meter/app/public/wp-includes/template-loader.php(98): include()
#1 /Users/biancakaritas/Local Sites/meter/app/public/wp-blog-header.php(19): require_once('/Users/biancaka...')
#2 /Users/biancakaritas/Local Sites/meter/app/public/index.php(17): require('/Users/biancaka...')
#3 {main}
  thrown in /Users/biancakaritas/Local Sites/meter/app/public/wp-content/themes/meter/page.php on line 10
[14-Feb-2020 10:23:11 UTC] PHP Fatal error:  Uncaught Error: Call to undefined function wp_get_post_parant_id() in /Users/biancakaritas/Local Sites/meter/app/public/wp-content/themes/meter/page.php:10
Stack trace:
#0 /Users/biancakaritas/Local Sites/meter/app/public/wp-includes/template-loader.php(98): include()
#1 /Users/biancakaritas/Local Sites/meter/app/public/wp-blog-header.php(19): require_once('/Users/biancaka...')
#2 /Users/biancakaritas/Local Sites/meter/app/public/index.php(17): require('/Users/biancaka...')
#3 {main}
  thrown in /Users/biancakaritas/Local Sites/meter/app/public/wp-content/themes/meter/page.php on line 10
[14-Feb-2020 10:23:32 UTC] PHP Fatal error:  Uncaught Error: Call to undefined function wp_get_post_parant_id() in /Users/biancakaritas/Local Sites/meter/app/public/wp-content/themes/meter/page.php:10
Stack trace:
#0 /Users/biancakaritas/Local Sites/meter/app/public/wp-includes/template-loader.php(98): include()
#1 /Users/biancakaritas/Local Sites/meter/app/public/wp-blog-header.php(19): require_once('/Users/biancaka...')
#2 /Users/biancakaritas/Local Sites/meter/app/public/index.php(17): require('/Users/biancaka...')
#3 {main}
  thrown in /Users/biancakaritas/Local Sites/meter/app/public/wp-content/themes/meter/page.php on line 10
[14-Feb-2020 10:23:35 UTC] PHP Fatal error:  Uncaught Error: Call to undefined function wp_get_post_parant_id() in /Users/biancakaritas/Local Sites/meter/app/public/wp-content/themes/meter/page.php:10
Stack trace:
#0 /Users/biancakaritas/Local Sites/meter/app/public/wp-includes/template-loader.php(98): include()
#1 /Users/biancakaritas/Local Sites/meter/app/public/wp-blog-header.php(19): require_once('/Users/biancaka...')
#2 /Users/biancakaritas/Local Sites/meter/app/public/index.php(17): require('/Users/biancaka...')
#3 {main}
  thrown in /Users/biancakaritas/Local Sites/meter/app/public/wp-content/themes/meter/page.php on line 10
[14-Feb-2020 10:24:09 UTC] PHP Fatal error:  Uncaught Error: Call to undefined function wp_get_post_parant_id() in /Users/biancakaritas/Local Sites/meter/app/public/wp-content/themes/meter/page.php:10
Stack trace:
#0 /Users/biancakaritas/Local Sites/meter/app/public/wp-includes/template-loader.php(98): include()
#1 /Users/biancakaritas/Local Sites/meter/app/public/wp-blog-header.php(19): require_once('/Users/biancaka...')
#2 /Users/biancakaritas/Local Sites/meter/app/public/index.php(17): require('/Users/biancaka...')
#3 {main}
  thrown in /Users/biancakaritas/Local Sites/meter/app/public/wp-content/themes/meter/page.php on line 10
[14-Feb-2020 10:25:35 UTC] PHP Fatal error:  Uncaught Error: Call to undefined function wp_get_post_parant_id() in /Users/biancakaritas/Local Sites/meter/app/public/wp-content/themes/meter/page.php:10
Stack trace:
#0 /Users/biancakaritas/Local Sites/meter/app/public/wp-includes/template-loader.php(98): include()
#1 /Users/biancakaritas/Local Sites/meter/app/public/wp-blog-header.php(19): require_once('/Users/biancaka...')
#2 /Users/biancakaritas/Local Sites/meter/app/public/index.php(17): require('/Users/biancaka...')
#3 {main}
  thrown in /Users/biancakaritas/Local Sites/meter/app/public/wp-content/themes/meter/page.php on line 10
[14-Feb-2020 10:25:36 UTC] PHP Fatal error:  Uncaught Error: Call to undefined function wp_get_post_parant_id() in /Users/biancakaritas/Local Sites/meter/app/public/wp-content/themes/meter/page.php:10
Stack trace:
#0 /Users/biancakaritas/Local Sites/meter/app/public/wp-includes/template-loader.php(98): include()
#1 /Users/biancakaritas/Local Sites/meter/app/public/wp-blog-header.php(19): require_once('/Users/biancaka...')
#2 /Users/biancakaritas/Local Sites/meter/app/public/index.php(17): require('/Users/biancaka...')
#3 {main}
  thrown in /Users/biancakaritas/Local Sites/meter/app/public/wp-content/themes/meter/page.php on line 10
[14-Feb-2020 10:26:15 UTC] PHP Fatal error:  Uncaught Error: Call to undefined function wp_get_post_parant_id() in /Users/biancakaritas/Local Sites/meter/app/public/wp-content/themes/meter/page.php:10
Stack trace:
#0 /Users/biancakaritas/Local Sites/meter/app/public/wp-includes/template-loader.php(98): include()
#1 /Users/biancakaritas/Local Sites/meter/app/public/wp-blog-header.php(19): require_once('/Users/biancaka...')
#2 /Users/biancakaritas/Local Sites/meter/app/public/index.php(17): require('/Users/biancaka...')
#3 {main}
  thrown in /Users/biancakaritas/Local Sites/meter/app/public/wp-content/themes/meter/page.php on line 10
[14-Feb-2020 10:26:16 UTC] PHP Fatal error:  Uncaught Error: Call to undefined function wp_get_post_parant_id() in /Users/biancakaritas/Local Sites/meter/app/public/wp-content/themes/meter/page.php:10
Stack trace:
#0 /Users/biancakaritas/Local Sites/meter/app/public/wp-includes/template-loader.php(98): include()
#1 /Users/biancakaritas/Local Sites/meter/app/public/wp-blog-header.php(19): require_once('/Users/biancaka...')
#2 /Users/biancakaritas/Local Sites/meter/app/public/index.php(17): require('/Users/biancaka...')
#3 {main}
  thrown in /Users/biancakaritas/Local Sites/meter/app/public/wp-content/themes/meter/page.php on line 10
[14-Feb-2020 10:26:55 UTC] PHP Fatal error:  Uncaught Error: Call to undefined function wp_get_post_parant_id() in /Users/biancakaritas/Local Sites/meter/app/public/wp-content/themes/meter/page.php:10
Stack trace:
#0 /Users/biancakaritas/Local Sites/meter/app/public/wp-includes/template-loader.php(98): include()
#1 /Users/biancakaritas/Local Sites/meter/app/public/wp-blog-header.php(19): require_once('/Users/biancaka...')
#2 /Users/biancakaritas/Local Sites/meter/app/public/index.php(17): require('/Users/biancaka...')
#3 {main}
  thrown in /Users/biancakaritas/Local Sites/meter/app/public/wp-content/themes/meter/page.php on line 10
[14-Feb-2020 10:27:20 UTC] PHP Fatal error:  Uncaught Error: Call to undefined function wp_get_post_parant_id() in /Users/biancakaritas/Local Sites/meter/app/public/wp-content/themes/meter/page.php:10
Stack trace:
#0 /Users/biancakaritas/Local Sites/meter/app/public/wp-includes/template-loader.php(98): include()
#1 /Users/biancakaritas/Local Sites/meter/app/public/wp-blog-header.php(19): require_once('/Users/biancaka...')
#2 /Users/biancakaritas/Local Sites/meter/app/public/index.php(17): require('/Users/biancaka...')
#3 {main}
  thrown in /Users/biancakaritas/Local Sites/meter/app/public/wp-content/themes/meter/page.php on line 10
[14-Feb-2020 10:27:32 UTC] PHP Fatal error:  Uncaught Error: Call to undefined function wp_get_post_parant_id() in /Users/biancakaritas/Local Sites/meter/app/public/wp-content/themes/meter/page.php:10
Stack trace:
#0 /Users/biancakaritas/Local Sites/meter/app/public/wp-includes/template-loader.php(98): include()
#1 /Users/biancakaritas/Local Sites/meter/app/public/wp-blog-header.php(19): require_once('/Users/biancaka...')
#2 /Users/biancakaritas/Local Sites/meter/app/public/index.php(17): require('/Users/biancaka...')
#3 {main}
  thrown in /Users/biancakaritas/Local Sites/meter/app/public/wp-content/themes/meter/page.php on line 10
[14-Feb-2020 10:27:46 UTC] PHP Fatal error:  Uncaught Error: Call to undefined function wp_get_post_parant_id() in /Users/biancakaritas/Local Sites/meter/app/public/wp-content/themes/meter/page.php:10
Stack trace:
#0 /Users/biancakaritas/Local Sites/meter/app/public/wp-includes/template-loader.php(98): include()
#1 /Users/biancakaritas/Local Sites/meter/app/public/wp-blog-header.php(19): require_once('/Users/biancaka...')
#2 /Users/biancakaritas/Local Sites/meter/app/public/index.php(17): require('/Users/biancaka...')
#3 {main}
  thrown in /Users/biancakaritas/Local Sites/meter/app/public/wp-content/themes/meter/page.php on line 10
[14-Feb-2020 10:28:09 UTC] PHP Fatal error:  Uncaught Error: Call to undefined function wp_get_post_parant_id() in /Users/biancakaritas/Local Sites/meter/app/public/wp-content/themes/meter/page.php:10
Stack trace:
#0 /Users/biancakaritas/Local Sites/meter/app/public/wp-includes/template-loader.php(98): include()
#1 /Users/biancakaritas/Local Sites/meter/app/public/wp-blog-header.php(19): require_once('/Users/biancaka...')
#2 /Users/biancakaritas/Local Sites/meter/app/public/index.php(17): require('/Users/biancaka...')
#3 {main}
  thrown in /Users/biancakaritas/Local Sites/meter/app/public/wp-content/themes/meter/page.php on line 10
[14-Feb-2020 10:28:16 UTC] PHP Fatal error:  Uncaught Error: Call to undefined function wp_get_post_parant_id() in /Users/biancakaritas/Local Sites/meter/app/public/wp-content/themes/meter/page.php:10
Stack trace:
#0 /Users/biancakaritas/Local Sites/meter/app/public/wp-includes/template-loader.php(98): include()
#1 /Users/biancakaritas/Local Sites/meter/app/public/wp-blog-header.php(19): require_once('/Users/biancaka...')
#2 /Users/biancakaritas/Local Sites/meter/app/public/index.php(17): require('/Users/biancaka...')
#3 {main}
  thrown in /Users/biancakaritas/Local Sites/meter/app/public/wp-content/themes/meter/page.php on line 10
[14-Feb-2020 10:28:18 UTC] PHP Fatal error:  Uncaught Error: Call to undefined function wp_get_post_parant_id() in /Users/biancakaritas/Local Sites/meter/app/public/wp-content/themes/meter/page.php:10
Stack trace:
#0 /Users/biancakaritas/Local Sites/meter/app/public/wp-includes/template-loader.php(98): include()
#1 /Users/biancakaritas/Local Sites/meter/app/public/wp-blog-header.php(19): require_once('/Users/biancaka...')
#2 /Users/biancakaritas/Local Sites/meter/app/public/index.php(17): require('/Users/biancaka...')
#3 {main}
  thrown in /Users/biancakaritas/Local Sites/meter/app/public/wp-content/themes/meter/page.php on line 10
[14-Feb-2020 10:28:19 UTC] PHP Fatal error:  Uncaught Error: Call to undefined function wp_get_post_parant_id() in /Users/biancakaritas/Local Sites/meter/app/public/wp-content/themes/meter/page.php:10
Stack trace:
#0 /Users/biancakaritas/Local Sites/meter/app/public/wp-includes/template-loader.php(98): include()
#1 /Users/biancakaritas/Local Sites/meter/app/public/wp-blog-header.php(19): require_once('/Users/biancaka...')
#2 /Users/biancakaritas/Local Sites/meter/app/public/index.php(17): require('/Users/biancaka...')
#3 {main}
  thrown in /Users/biancakaritas/Local Sites/meter/app/public/wp-content/themes/meter/page.php on line 10
[14-Feb-2020 10:29:03 UTC] PHP Fatal error:  Uncaught Error: Call to undefined function wp_get_post_parant_id() in /Users/biancakaritas/Local Sites/meter/app/public/wp-content/themes/meter/page.php:10
Stack trace:
#0 /Users/biancakaritas/Local Sites/meter/app/public/wp-includes/template-loader.php(98): include()
#1 /Users/biancakaritas/Local Sites/meter/app/public/wp-blog-header.php(19): require_once('/Users/biancaka...')
#2 /Users/biancakaritas/Local Sites/meter/app/public/index.php(17): require('/Users/biancaka...')
#3 {main}
  thrown in /Users/biancakaritas/Local Sites/meter/app/public/wp-content/themes/meter/page.php on line 10
[14-Feb-2020 10:29:18 UTC] PHP Fatal error:  Uncaught Error: Call to undefined function wp_get_post_parant_id() in /Users/biancakaritas/Local Sites/meter/app/public/wp-content/themes/meter/page.php:10
Stack trace:
#0 /Users/biancakaritas/Local Sites/meter/app/public/wp-includes/template-loader.php(98): include()
#1 /Users/biancakaritas/Local Sites/meter/app/public/wp-blog-header.php(19): require_once('/Users/biancaka...')
#2 /Users/biancakaritas/Local Sites/meter/app/public/index.php(17): require('/Users/biancaka...')
#3 {main}
  thrown in /Users/biancakaritas/Local Sites/meter/app/public/wp-content/themes/meter/page.php on line 10
[14-Feb-2020 10:29:20 UTC] PHP Fatal error:  Uncaught Error: Call to undefined function wp_get_post_parant_id() in /Users/biancakaritas/Local Sites/meter/app/public/wp-content/themes/meter/page.php:10
Stack trace:
#0 /Users/biancakaritas/Local Sites/meter/app/public/wp-includes/template-loader.php(98): include()
#1 /Users/biancakaritas/Local Sites/meter/app/public/wp-blog-header.php(19): require_once('/Users/biancaka...')
#2 /Users/biancakaritas/Local Sites/meter/app/public/index.php(17): require('/Users/biancaka...')
#3 {main}
  thrown in /Users/biancakaritas/Local Sites/meter/app/public/wp-content/themes/meter/page.php on line 10
[14-Feb-2020 10:29:21 UTC] PHP Fatal error:  Uncaught Error: Call to undefined function wp_get_post_parant_id() in /Users/biancakaritas/Local Sites/meter/app/public/wp-content/themes/meter/page.php:10
Stack trace:
#0 /Users/biancakaritas/Local Sites/meter/app/public/wp-includes/template-loader.php(98): include()
#1 /Users/biancakaritas/Local Sites/meter/app/public/wp-blog-header.php(19): require_once('/Users/biancaka...')
#2 /Users/biancakaritas/Local Sites/meter/app/public/index.php(17): require('/Users/biancaka...')
#3 {main}
  thrown in /Users/biancakaritas/Local Sites/meter/app/public/wp-content/themes/meter/page.php on line 10
[14-Feb-2020 10:29:22 UTC] PHP Fatal error:  Uncaught Error: Call to undefined function wp_get_post_parant_id() in /Users/biancakaritas/Local Sites/meter/app/public/wp-content/themes/meter/page.php:10
Stack trace:
#0 /Users/biancakaritas/Local Sites/meter/app/public/wp-includes/template-loader.php(98): include()
#1 /Users/biancakaritas/Local Sites/meter/app/public/wp-blog-header.php(19): require_once('/Users/biancaka...')
#2 /Users/biancakaritas/Local Sites/meter/app/public/index.php(17): require('/Users/biancaka...')
#3 {main}
  thrown in /Users/biancakaritas/Local Sites/meter/app/public/wp-content/themes/meter/page.php on line 10
[14-Feb-2020 10:29:23 UTC] PHP Fatal error:  Uncaught Error: Call to undefined function wp_get_post_parant_id() in /Users/biancakaritas/Local Sites/meter/app/public/wp-content/themes/meter/page.php:10
Stack trace:
#0 /Users/biancakaritas/Local Sites/meter/app/public/wp-includes/template-loader.php(98): include()
#1 /Users/biancakaritas/Local Sites/meter/app/public/wp-blog-header.php(19): require_once('/Users/biancaka...')
#2 /Users/biancakaritas/Local Sites/meter/app/public/index.php(17): require('/Users/biancaka...')
#3 {main}
  thrown in /Users/biancakaritas/Local Sites/meter/app/public/wp-content/themes/meter/page.php on line 10
[14-Feb-2020 10:29:38 UTC] PHP Fatal error:  Uncaught Error: Call to undefined function wp_get_post_parant_id() in /Users/biancakaritas/Local Sites/meter/app/public/wp-content/themes/meter/page.php:10
Stack trace:
#0 /Users/biancakaritas/Local Sites/meter/app/public/wp-includes/template-loader.php(98): include()
#1 /Users/biancakaritas/Local Sites/meter/app/public/wp-blog-header.php(19): require_once('/Users/biancaka...')
#2 /Users/biancakaritas/Local Sites/meter/app/public/index.php(17): require('/Users/biancaka...')
#3 {main}
  thrown in /Users/biancakaritas/Local Sites/meter/app/public/wp-content/themes/meter/page.php on line 10
[14-Feb-2020 10:29:40 UTC] PHP Fatal error:  Uncaught Error: Call to undefined function wp_get_post_parant_id() in /Users/biancakaritas/Local Sites/meter/app/public/wp-content/themes/meter/page.php:10
Stack trace:
#0 /Users/biancakaritas/Local Sites/meter/app/public/wp-includes/template-loader.php(98): include()
#1 /Users/biancakaritas/Local Sites/meter/app/public/wp-blog-header.php(19): require_once('/Users/biancaka...')
#2 /Users/biancakaritas/Local Sites/meter/app/public/index.php(17): require('/Users/biancaka...')
#3 {main}
  thrown in /Users/biancakaritas/Local Sites/meter/app/public/wp-content/themes/meter/page.php on line 10
[14-Feb-2020 10:29:41 UTC] PHP Fatal error:  Uncaught Error: Call to undefined function wp_get_post_parant_id() in /Users/biancakaritas/Local Sites/meter/app/public/wp-content/themes/meter/page.php:10
Stack trace:
#0 /Users/biancakaritas/Local Sites/meter/app/public/wp-includes/template-loader.php(98): include()
#1 /Users/biancakaritas/Local Sites/meter/app/public/wp-blog-header.php(19): require_once('/Users/biancaka...')
#2 /Users/biancakaritas/Local Sites/meter/app/public/index.php(17): require('/Users/biancaka...')
#3 {main}
  thrown in /Users/biancakaritas/Local Sites/meter/app/public/wp-content/themes/meter/page.php on line 10
[14-Feb-2020 10:29:43 UTC] PHP Fatal error:  Uncaught Error: Call to undefined function wp_get_post_parant_id() in /Users/biancakaritas/Local Sites/meter/app/public/wp-content/themes/meter/page.php:10
Stack trace:
#0 /Users/biancakaritas/Local Sites/meter/app/public/wp-includes/template-loader.php(98): include()
#1 /Users/biancakaritas/Local Sites/meter/app/public/wp-blog-header.php(19): require_once('/Users/biancaka...')
#2 /Users/biancakaritas/Local Sites/meter/app/public/index.php(17): require('/Users/biancaka...')
#3 {main}
  thrown in /Users/biancakaritas/Local Sites/meter/app/public/wp-content/themes/meter/page.php on line 10
[14-Feb-2020 10:29:44 UTC] PHP Fatal error:  Uncaught Error: Call to undefined function wp_get_post_parant_id() in /Users/biancakaritas/Local Sites/meter/app/public/wp-content/themes/meter/page.php:10
Stack trace:
#0 /Users/biancakaritas/Local Sites/meter/app/public/wp-includes/template-loader.php(98): include()
#1 /Users/biancakaritas/Local Sites/meter/app/public/wp-blog-header.php(19): require_once('/Users/biancaka...')
#2 /Users/biancakaritas/Local Sites/meter/app/public/index.php(17): require('/Users/biancaka...')
#3 {main}
  thrown in /Users/biancakaritas/Local Sites/meter/app/public/wp-content/themes/meter/page.php on line 10
[14-Feb-2020 10:30:18 UTC] PHP Fatal error:  Uncaught Error: Call to undefined function wp_get_post_parant_id() in /Users/biancakaritas/Local Sites/meter/app/public/wp-content/themes/meter/page.php:10
Stack trace:
#0 /Users/biancakaritas/Local Sites/meter/app/public/wp-includes/template-loader.php(98): include()
#1 /Users/biancakaritas/Local Sites/meter/app/public/wp-blog-header.php(19): require_once('/Users/biancaka...')
#2 /Users/biancakaritas/Local Sites/meter/app/public/index.php(17): require('/Users/biancaka...')
#3 {main}
  thrown in /Users/biancakaritas/Local Sites/meter/app/public/wp-content/themes/meter/page.php on line 10
[14-Feb-2020 10:30:19 UTC] PHP Fatal error:  Uncaught Error: Call to undefined function wp_get_post_parant_id() in /Users/biancakaritas/Local Sites/meter/app/public/wp-content/themes/meter/page.php:10
Stack trace:
#0 /Users/biancakaritas/Local Sites/meter/app/public/wp-includes/template-loader.php(98): include()
#1 /Users/biancakaritas/Local Sites/meter/app/public/wp-blog-header.php(19): require_once('/Users/biancaka...')
#2 /Users/biancakaritas/Local Sites/meter/app/public/index.php(17): require('/Users/biancaka...')
#3 {main}
  thrown in /Users/biancakaritas/Local Sites/meter/app/public/wp-content/themes/meter/page.php on line 10
[14-Feb-2020 10:30:22 UTC] PHP Fatal error:  Uncaught Error: Call to undefined function wp_get_post_parant_id() in /Users/biancakaritas/Local Sites/meter/app/public/wp-content/themes/meter/page.php:10
Stack trace:
#0 /Users/biancakaritas/Local Sites/meter/app/public/wp-includes/template-loader.php(98): include()
#1 /Users/biancakaritas/Local Sites/meter/app/public/wp-blog-header.php(19): require_once('/Users/biancaka...')
#2 /Users/biancakaritas/Local Sites/meter/app/public/index.php(17): require('/Users/biancaka...')
#3 {main}
  thrown in /Users/biancakaritas/Local Sites/meter/app/public/wp-content/themes/meter/page.php on line 10
[14-Feb-2020 10:30:23 UTC] PHP Fatal error:  Uncaught Error: Call to undefined function wp_get_post_parant_id() in /Users/biancakaritas/Local Sites/meter/app/public/wp-content/themes/meter/page.php:10
Stack trace:
#0 /Users/biancakaritas/Local Sites/meter/app/public/wp-includes/template-loader.php(98): include()
#1 /Users/biancakaritas/Local Sites/meter/app/public/wp-blog-header.php(19): require_once('/Users/biancaka...')
#2 /Users/biancakaritas/Local Sites/meter/app/public/index.php(17): require('/Users/biancaka...')
#3 {main}
  thrown in /Users/biancakaritas/Local Sites/meter/app/public/wp-content/themes/meter/page.php on line 10
[14-Feb-2020 10:30:25 UTC] PHP Fatal error:  Uncaught Error: Call to undefined function wp_get_post_parant_id() in /Users/biancakaritas/Local Sites/meter/app/public/wp-content/themes/meter/page.php:10
Stack trace:
#0 /Users/biancakaritas/Local Sites/meter/app/public/wp-includes/template-loader.php(98): include()
#1 /Users/biancakaritas/Local Sites/meter/app/public/wp-blog-header.php(19): require_once('/Users/biancaka...')
#2 /Users/biancakaritas/Local Sites/meter/app/public/index.php(17): require('/Users/biancaka...')
#3 {main}
  thrown in /Users/biancakaritas/Local Sites/meter/app/public/wp-content/themes/meter/page.php on line 10
[14-Feb-2020 10:30:26 UTC] PHP Fatal error:  Uncaught Error: Call to undefined function wp_get_post_parant_id() in /Users/biancakaritas/Local Sites/meter/app/public/wp-content/themes/meter/page.php:10
Stack trace:
#0 /Users/biancakaritas/Local Sites/meter/app/public/wp-includes/template-loader.php(98): include()
#1 /Users/biancakaritas/Local Sites/meter/app/public/wp-blog-header.php(19): require_once('/Users/biancaka...')
#2 /Users/biancakaritas/Local Sites/meter/app/public/index.php(17): require('/Users/biancaka...')
#3 {main}
  thrown in /Users/biancakaritas/Local Sites/meter/app/public/wp-content/themes/meter/page.php on line 10
[14-Feb-2020 10:30:27 UTC] PHP Fatal error:  Uncaught Error: Call to undefined function wp_get_post_parant_id() in /Users/biancakaritas/Local Sites/meter/app/public/wp-content/themes/meter/page.php:10
Stack trace:
#0 /Users/biancakaritas/Local Sites/meter/app/public/wp-includes/template-loader.php(98): include()
#1 /Users/biancakaritas/Local Sites/meter/app/public/wp-blog-header.php(19): require_once('/Users/biancaka...')
#2 /Users/biancakaritas/Local Sites/meter/app/public/index.php(17): require('/Users/biancaka...')
#3 {main}
  thrown in /Users/biancakaritas/Local Sites/meter/app/public/wp-content/themes/meter/page.php on line 10
[14-Feb-2020 10:30:29 UTC] PHP Fatal error:  Uncaught Error: Call to undefined function wp_get_post_parant_id() in /Users/biancakaritas/Local Sites/meter/app/public/wp-content/themes/meter/page.php:10
Stack trace:
#0 /Users/biancakaritas/Local Sites/meter/app/public/wp-includes/template-loader.php(98): include()
#1 /Users/biancakaritas/Local Sites/meter/app/public/wp-blog-header.php(19): require_once('/Users/biancaka...')
#2 /Users/biancakaritas/Local Sites/meter/app/public/index.php(17): require('/Users/biancaka...')
#3 {main}
  thrown in /Users/biancakaritas/Local Sites/meter/app/public/wp-content/themes/meter/page.php on line 10
[14-Feb-2020 10:30:31 UTC] PHP Fatal error:  Uncaught Error: Call to undefined function wp_get_post_parant_id() in /Users/biancakaritas/Local Sites/meter/app/public/wp-content/themes/meter/page.php:10
Stack trace:
#0 /Users/biancakaritas/Local Sites/meter/app/public/wp-includes/template-loader.php(98): include()
#1 /Users/biancakaritas/Local Sites/meter/app/public/wp-blog-header.php(19): require_once('/Users/biancaka...')
#2 /Users/biancakaritas/Local Sites/meter/app/public/index.php(17): require('/Users/biancaka...')
#3 {main}
  thrown in /Users/biancakaritas/Local Sites/meter/app/public/wp-content/themes/meter/page.php on line 10
[14-Feb-2020 10:31:02 UTC] PHP Fatal error:  Uncaught Error: Call to undefined function wp_get_post_parant_id() in /Users/biancakaritas/Local Sites/meter/app/public/wp-content/themes/meter/page.php:10
Stack trace:
#0 /Users/biancakaritas/Local Sites/meter/app/public/wp-includes/template-loader.php(98): include()
#1 /Users/biancakaritas/Local Sites/meter/app/public/wp-blog-header.php(19): require_once('/Users/biancaka...')
#2 /Users/biancakaritas/Local Sites/meter/app/public/index.php(17): require('/Users/biancaka...')
#3 {main}
  thrown in /Users/biancakaritas/Local Sites/meter/app/public/wp-content/themes/meter/page.php on line 10
[14-Feb-2020 10:31:08 UTC] PHP Fatal error:  Uncaught Error: Call to undefined function wp_get_post_parant_id() in /Users/biancakaritas/Local Sites/meter/app/public/wp-content/themes/meter/page.php:10
Stack trace:
#0 /Users/biancakaritas/Local Sites/meter/app/public/wp-includes/template-loader.php(98): include()
#1 /Users/biancakaritas/Local Sites/meter/app/public/wp-blog-header.php(19): require_once('/Users/biancaka...')
#2 /Users/biancakaritas/Local Sites/meter/app/public/index.php(17): require('/Users/biancaka...')
#3 {main}
  thrown in /Users/biancakaritas/Local Sites/meter/app/public/wp-content/themes/meter/page.php on line 10
[14-Feb-2020 10:31:25 UTC] PHP Fatal error:  Uncaught Error: Call to undefined function wp_get_post_parant_id() in /Users/biancakaritas/Local Sites/meter/app/public/wp-content/themes/meter/page.php:10
Stack trace:
#0 /Users/biancakaritas/Local Sites/meter/app/public/wp-includes/template-loader.php(98): include()
#1 /Users/biancakaritas/Local Sites/meter/app/public/wp-blog-header.php(19): require_once('/Users/biancaka...')
#2 /Users/biancakaritas/Local Sites/meter/app/public/index.php(17): require('/Users/biancaka...')
#3 {main}
  thrown in /Users/biancakaritas/Local Sites/meter/app/public/wp-content/themes/meter/page.php on line 10
[14-Feb-2020 10:31:27 UTC] PHP Fatal error:  Uncaught Error: Call to undefined function wp_get_post_parant_id() in /Users/biancakaritas/Local Sites/meter/app/public/wp-content/themes/meter/page.php:10
Stack trace:
#0 /Users/biancakaritas/Local Sites/meter/app/public/wp-includes/template-loader.php(98): include()
#1 /Users/biancakaritas/Local Sites/meter/app/public/wp-blog-header.php(19): require_once('/Users/biancaka...')
#2 /Users/biancakaritas/Local Sites/meter/app/public/index.php(17): require('/Users/biancaka...')
#3 {main}
  thrown in /Users/biancakaritas/Local Sites/meter/app/public/wp-content/themes/meter/page.php on line 10
[14-Feb-2020 10:31:28 UTC] PHP Fatal error:  Uncaught Error: Call to undefined function wp_get_post_parant_id() in /Users/biancakaritas/Local Sites/meter/app/public/wp-content/themes/meter/page.php:10
Stack trace:
#0 /Users/biancakaritas/Local Sites/meter/app/public/wp-includes/template-loader.php(98): include()
#1 /Users/biancakaritas/Local Sites/meter/app/public/wp-blog-header.php(19): require_once('/Users/biancaka...')
#2 /Users/biancakaritas/Local Sites/meter/app/public/index.php(17): require('/Users/biancaka...')
#3 {main}
  thrown in /Users/biancakaritas/Local Sites/meter/app/public/wp-content/themes/meter/page.php on line 10
[14-Feb-2020 10:31:28 UTC] PHP Fatal error:  Uncaught Error: Call to undefined function wp_get_post_parant_id() in /Users/biancakaritas/Local Sites/meter/app/public/wp-content/themes/meter/page.php:10
Stack trace:
#0 /Users/biancakaritas/Local Sites/meter/app/public/wp-includes/template-loader.php(98): include()
#1 /Users/biancakaritas/Local Sites/meter/app/public/wp-blog-header.php(19): require_once('/Users/biancaka...')
#2 /Users/biancakaritas/Local Sites/meter/app/public/index.php(17): require('/Users/biancaka...')
#3 {main}
  thrown in /Users/biancakaritas/Local Sites/meter/app/public/wp-content/themes/meter/page.php on line 10
[14-Feb-2020 10:31:30 UTC] PHP Fatal error:  Uncaught Error: Call to undefined function wp_get_post_parant_id() in /Users/biancakaritas/Local Sites/meter/app/public/wp-content/themes/meter/page.php:10
Stack trace:
#0 /Users/biancakaritas/Local Sites/meter/app/public/wp-includes/template-loader.php(98): include()
#1 /Users/biancakaritas/Local Sites/meter/app/public/wp-blog-header.php(19): require_once('/Users/biancaka...')
#2 /Users/biancakaritas/Local Sites/meter/app/public/index.php(17): require('/Users/biancaka...')
#3 {main}
  thrown in /Users/biancakaritas/Local Sites/meter/app/public/wp-content/themes/meter/page.php on line 10
[14-Feb-2020 10:33:39 UTC] PHP Fatal error:  Uncaught Error: Call to undefined function wp_get_post_parant_id() in /Users/biancakaritas/Local Sites/meter/app/public/wp-content/themes/meter/page.php:10
Stack trace:
#0 /Users/biancakaritas/Local Sites/meter/app/public/wp-includes/template-loader.php(98): include()
#1 /Users/biancakaritas/Local Sites/meter/app/public/wp-blog-header.php(19): require_once('/Users/biancaka...')
#2 /Users/biancakaritas/Local Sites/meter/app/public/index.php(17): require('/Users/biancaka...')
#3 {main}
  thrown in /Users/biancakaritas/Local Sites/meter/app/public/wp-content/themes/meter/page.php on line 10
[14-Feb-2020 10:33:40 UTC] PHP Fatal error:  Uncaught Error: Call to undefined function wp_get_post_parant_id() in /Users/biancakaritas/Local Sites/meter/app/public/wp-content/themes/meter/page.php:10
Stack trace:
#0 /Users/biancakaritas/Local Sites/meter/app/public/wp-includes/template-loader.php(98): include()
#1 /Users/biancakaritas/Local Sites/meter/app/public/wp-blog-header.php(19): require_once('/Users/biancaka...')
#2 /Users/biancakaritas/Local Sites/meter/app/public/index.php(17): require('/Users/biancaka...')
#3 {main}
  thrown in /Users/biancakaritas/Local Sites/meter/app/public/wp-content/themes/meter/page.php on line 10
[14-Feb-2020 10:33:41 UTC] PHP Fatal error:  Uncaught Error: Call to undefined function wp_get_post_parant_id() in /Users/biancakaritas/Local Sites/meter/app/public/wp-content/themes/meter/page.php:10
Stack trace:
#0 /Users/biancakaritas/Local Sites/meter/app/public/wp-includes/template-loader.php(98): include()
#1 /Users/biancakaritas/Local Sites/meter/app/public/wp-blog-header.php(19): require_once('/Users/biancaka...')
#2 /Users/biancakaritas/Local Sites/meter/app/public/index.php(17): require('/Users/biancaka...')
#3 {main}
  thrown in /Users/biancakaritas/Local Sites/meter/app/public/wp-content/themes/meter/page.php on line 10
[14-Feb-2020 10:33:41 UTC] PHP Fatal error:  Uncaught Error: Call to undefined function wp_get_post_parant_id() in /Users/biancakaritas/Local Sites/meter/app/public/wp-content/themes/meter/page.php:10
Stack trace:
#0 /Users/biancakaritas/Local Sites/meter/app/public/wp-includes/template-loader.php(98): include()
#1 /Users/biancakaritas/Local Sites/meter/app/public/wp-blog-header.php(19): require_once('/Users/biancaka...')
#2 /Users/biancakaritas/Local Sites/meter/app/public/index.php(17): require('/Users/biancaka...')
#3 {main}
  thrown in /Users/biancakaritas/Local Sites/meter/app/public/wp-content/themes/meter/page.php on line 10
[14-Feb-2020 10:34:15 UTC] PHP Fatal error:  Uncaught Error: Call to undefined function wp_get_post_parant_id() in /Users/biancakaritas/Local Sites/meter/app/public/wp-content/themes/meter/page.php:10
Stack trace:
#0 /Users/biancakaritas/Local Sites/meter/app/public/wp-includes/template-loader.php(98): include()
#1 /Users/biancakaritas/Local Sites/meter/app/public/wp-blog-header.php(19): require_once('/Users/biancaka...')
#2 /Users/biancakaritas/Local Sites/meter/app/public/index.php(17): require('/Users/biancaka...')
#3 {main}
  thrown in /Users/biancakaritas/Local Sites/meter/app/public/wp-content/themes/meter/page.php on line 10
[14-Feb-2020 10:34:16 UTC] PHP Fatal error:  Uncaught Error: Call to undefined function wp_get_post_parant_id() in /Users/biancakaritas/Local Sites/meter/app/public/wp-content/themes/meter/page.php:10
Stack trace:
#0 /Users/biancakaritas/Local Sites/meter/app/public/wp-includes/template-loader.php(98): include()
#1 /Users/biancakaritas/Local Sites/meter/app/public/wp-blog-header.php(19): require_once('/Users/biancaka...')
#2 /Users/biancakaritas/Local Sites/meter/app/public/index.php(17): require('/Users/biancaka...')
#3 {main}
  thrown in /Users/biancakaritas/Local Sites/meter/app/public/wp-content/themes/meter/page.php on line 10
[14-Feb-2020 10:34:16 UTC] PHP Fatal error:  Uncaught Error: Call to undefined function wp_get_post_parant_id() in /Users/biancakaritas/Local Sites/meter/app/public/wp-content/themes/meter/page.php:10
Stack trace:
#0 /Users/biancakaritas/Local Sites/meter/app/public/wp-includes/template-loader.php(98): include()
#1 /Users/biancakaritas/Local Sites/meter/app/public/wp-blog-header.php(19): require_once('/Users/biancaka...')
#2 /Users/biancakaritas/Local Sites/meter/app/public/index.php(17): require('/Users/biancaka...')
#3 {main}
  thrown in /Users/biancakaritas/Local Sites/meter/app/public/wp-content/themes/meter/page.php on line 10
[14-Feb-2020 10:50:29 UTC] PHP Fatal error:  Uncaught Error: Call to undefined function wp_get_post_parant_id() in /Users/biancakaritas/Local Sites/meter/app/public/wp-content/themes/meter/page.php:10
Stack trace:
#0 /Users/biancakaritas/Local Sites/meter/app/public/wp-includes/template-loader.php(98): include()
#1 /Users/biancakaritas/Local Sites/meter/app/public/wp-blog-header.php(19): require_once('/Users/biancaka...')
#2 /Users/biancakaritas/Local Sites/meter/app/public/index.php(17): require('/Users/biancaka...')
#3 {main}
  thrown in /Users/biancakaritas/Local Sites/meter/app/public/wp-content/themes/meter/page.php on line 10
[14-Feb-2020 10:50:29 UTC] PHP Fatal error:  Uncaught Error: Call to undefined function wp_get_post_parant_id() in /Users/biancakaritas/Local Sites/meter/app/public/wp-content/themes/meter/page.php:10
Stack trace:
#0 /Users/biancakaritas/Local Sites/meter/app/public/wp-includes/template-loader.php(98): include()
#1 /Users/biancakaritas/Local Sites/meter/app/public/wp-blog-header.php(19): require_once('/Users/biancaka...')
#2 /Users/biancakaritas/Local Sites/meter/app/public/index.php(17): require('/Users/biancaka...')
#3 {main}
  thrown in /Users/biancakaritas/Local Sites/meter/app/public/wp-content/themes/meter/page.php on line 10
[14-Feb-2020 10:50:31 UTC] PHP Fatal error:  Uncaught Error: Call to undefined function wp_get_post_parant_id() in /Users/biancakaritas/Local Sites/meter/app/public/wp-content/themes/meter/page.php:10
Stack trace:
#0 /Users/biancakaritas/Local Sites/meter/app/public/wp-includes/template-loader.php(98): include()
#1 /Users/biancakaritas/Local Sites/meter/app/public/wp-blog-header.php(19): require_once('/Users/biancaka...')
#2 /Users/biancakaritas/Local Sites/meter/app/public/index.php(17): require('/Users/biancaka...')
#3 {main}
  thrown in /Users/biancakaritas/Local Sites/meter/app/public/wp-content/themes/meter/page.php on line 10
[14-Feb-2020 10:50:52 UTC] PHP Fatal error:  Uncaught Error: Call to undefined function wp_get_post_parant_id() in /Users/biancakaritas/Local Sites/meter/app/public/wp-content/themes/meter/page.php:10
Stack trace:
#0 /Users/biancakaritas/Local Sites/meter/app/public/wp-includes/template-loader.php(98): include()
#1 /Users/biancakaritas/Local Sites/meter/app/public/wp-blog-header.php(19): require_once('/Users/biancaka...')
#2 /Users/biancakaritas/Local Sites/meter/app/public/index.php(17): require('/Users/biancaka...')
#3 {main}
  thrown in /Users/biancakaritas/Local Sites/meter/app/public/wp-content/themes/meter/page.php on line 10
[20-Feb-2020 14:32:17 UTC] PHP Fatal error:  Uncaught Error: Call to undefined function wp_get_post_parant_id() in /Users/biancakaritas/Local Sites/meter/app/public/wp-content/themes/meter/page.php:10
Stack trace:
#0 /Users/biancakaritas/Local Sites/meter/app/public/wp-includes/template-loader.php(98): include()
#1 /Users/biancakaritas/Local Sites/meter/app/public/wp-blog-header.php(19): require_once('/Users/biancaka...')
#2 /Users/biancakaritas/Local Sites/meter/app/public/index.php(17): require('/Users/biancaka...')
#3 {main}
  thrown in /Users/biancakaritas/Local Sites/meter/app/public/wp-content/themes/meter/page.php on line 10
[20-Feb-2020 14:49:10 UTC] PHP Fatal error:  Uncaught Error: Call to undefined function wp_get_post_parant_id() in /Users/biancakaritas/Local Sites/meter/app/public/wp-content/themes/meter/page.php:10
Stack trace:
#0 /Users/biancakaritas/Local Sites/meter/app/public/wp-includes/template-loader.php(98): include()
#1 /Users/biancakaritas/Local Sites/meter/app/public/wp-blog-header.php(19): require_once('/Users/biancaka...')
#2 /Users/biancakaritas/Local Sites/meter/app/public/index.php(17): require('/Users/biancaka...')
#3 {main}
  thrown in /Users/biancakaritas/Local Sites/meter/app/public/wp-content/themes/meter/page.php on line 10
[21-Feb-2020 09:49:47 UTC] PHP Fatal error:  Uncaught Error: Call to undefined function the_titel() in /Users/biancakaritas/Local Sites/meter/app/public/wp-content/themes/meter/index.php:12
Stack trace:
#0 /Users/biancakaritas/Local Sites/meter/app/public/wp-includes/template-loader.php(98): include()
#1 /Users/biancakaritas/Local Sites/meter/app/public/wp-blog-header.php(19): require_once('/Users/biancaka...')
#2 /Users/biancakaritas/Local Sites/meter/app/public/index.php(17): require('/Users/biancaka...')
#3 {main}
  thrown in /Users/biancakaritas/Local Sites/meter/app/public/wp-content/themes/meter/index.php on line 12
[21-Feb-2020 17:23:14 UTC] PHP Warning:  An unexpected error occurred. Something may be wrong with WordPress.org or this server&#8217;s configuration. If you continue to have problems, please try the <a href="https://wordpress.org/support/forums/">support forums</a>. (WordPress could not establish a secure connection to WordPress.org. Please contact your server administrator.) in /Users/biancakaritas/Local Sites/meter/app/public/wp-includes/update.php on line 162
[21-Feb-2020 17:23:14 UTC] PHP Stack trace:
[21-Feb-2020 17:23:14 UTC] PHP   1. {main}() /Users/biancakaritas/Local Sites/meter/app/public/wp-cron.php:0
[21-Feb-2020 17:23:14 UTC] PHP   2. do_action_ref_array() /Users/biancakaritas/Local Sites/meter/app/public/wp-cron.php:138
[21-Feb-2020 17:23:14 UTC] PHP   3. WP_Hook->do_action() /Users/biancakaritas/Local Sites/meter/app/public/wp-includes/plugin.php:544
[21-Feb-2020 17:23:14 UTC] PHP   4. WP_Hook->apply_filters() /Users/biancakaritas/Local Sites/meter/app/public/wp-includes/class-wp-hook.php:312
[21-Feb-2020 17:23:14 UTC] PHP   5. wp_version_check() /Users/biancakaritas/Local Sites/meter/app/public/wp-includes/class-wp-hook.php:288
[21-Feb-2020 17:23:14 UTC] PHP   6. trigger_error() /Users/biancakaritas/Local Sites/meter/app/public/wp-includes/update.php:162
[26-Feb-2020 06:31:23 UTC] PHP Warning:  An unexpected error occurred. Something may be wrong with WordPress.org or this server&#8217;s configuration. If you continue to have problems, please try the <a href="https://wordpress.org/support/forums/">support forums</a>. (WordPress could not establish a secure connection to WordPress.org. Please contact your server administrator.) in /Users/biancakaritas/Local Sites/meter/app/public/wp-includes/update.php on line 162
[26-Feb-2020 06:31:23 UTC] PHP Stack trace:
[26-Feb-2020 06:31:23 UTC] PHP   1. {main}() /Users/biancakaritas/Local Sites/meter/app/public/wp-cron.php:0
[26-Feb-2020 06:31:23 UTC] PHP   2. do_action_ref_array() /Users/biancakaritas/Local Sites/meter/app/public/wp-cron.php:138
[26-Feb-2020 06:31:23 UTC] PHP   3. WP_Hook->do_action() /Users/biancakaritas/Local Sites/meter/app/public/wp-includes/plugin.php:544
[26-Feb-2020 06:31:23 UTC] PHP   4. WP_Hook->apply_filters() /Users/biancakaritas/Local Sites/meter/app/public/wp-includes/class-wp-hook.php:312
[26-Feb-2020 06:31:23 UTC] PHP   5. wp_version_check() /Users/biancakaritas/Local Sites/meter/app/public/wp-includes/class-wp-hook.php:288
[26-Feb-2020 06:31:23 UTC] PHP   6. trigger_error() /Users/biancakaritas/Local Sites/meter/app/public/wp-includes/update.php:162
[26-Feb-2020 06:31:23 UTC] PHP Warning:  An unexpected error occurred. Something may be wrong with WordPress.org or this server&#8217;s configuration. If you continue to have problems, please try the <a href="https://wordpress.org/support/forums/">support forums</a>. (WordPress could not establish a secure connection to WordPress.org. Please contact your server administrator.) in /Users/biancakaritas/Local Sites/meter/app/public/wp-includes/update.php on line 388
[26-Feb-2020 06:31:23 UTC] PHP Stack trace:
[26-Feb-2020 06:31:23 UTC] PHP   1. {main}() /Users/biancakaritas/Local Sites/meter/app/public/wp-cron.php:0
[26-Feb-2020 06:31:23 UTC] PHP   2. do_action_ref_array() /Users/biancakaritas/Local Sites/meter/app/public/wp-cron.php:138
[26-Feb-2020 06:31:23 UTC] PHP   3. WP_Hook->do_action() /Users/biancakaritas/Local Sites/meter/app/public/wp-includes/plugin.php:544
[26-Feb-2020 06:31:23 UTC] PHP   4. WP_Hook->apply_filters() /Users/biancakaritas/Local Sites/meter/app/public/wp-includes/class-wp-hook.php:312
[26-Feb-2020 06:31:23 UTC] PHP   5. wp_update_plugins() /Users/biancakaritas/Local Sites/meter/app/public/wp-includes/class-wp-hook.php:288
[26-Feb-2020 06:31:23 UTC] PHP   6. trigger_error() /Users/biancakaritas/Local Sites/meter/app/public/wp-includes/update.php:388
[26-Feb-2020 06:31:23 UTC] PHP Warning:  An unexpected error occurred. Something may be wrong with WordPress.org or this server&#8217;s configuration. If you continue to have problems, please try the <a href="https://wordpress.org/support/forums/">support forums</a>. (WordPress could not establish a secure connection to WordPress.org. Please contact your server administrator.) in /Users/biancakaritas/Local Sites/meter/app/public/wp-includes/update.php on line 577
[26-Feb-2020 06:31:23 UTC] PHP Stack trace:
[26-Feb-2020 06:31:23 UTC] PHP   1. {main}() /Users/biancakaritas/Local Sites/meter/app/public/wp-cron.php:0
[26-Feb-2020 06:31:23 UTC] PHP   2. do_action_ref_array() /Users/biancakaritas/Local Sites/meter/app/public/wp-cron.php:138
[26-Feb-2020 06:31:23 UTC] PHP   3. WP_Hook->do_action() /Users/biancakaritas/Local Sites/meter/app/public/wp-includes/plugin.php:544
[26-Feb-2020 06:31:23 UTC] PHP   4. WP_Hook->apply_filters() /Users/biancakaritas/Local Sites/meter/app/public/wp-includes/class-wp-hook.php:312
[26-Feb-2020 06:31:23 UTC] PHP   5. wp_update_themes() /Users/biancakaritas/Local Sites/meter/app/public/wp-includes/class-wp-hook.php:288
[26-Feb-2020 06:31:23 UTC] PHP   6. trigger_error() /Users/biancakaritas/Local Sites/meter/app/public/wp-includes/update.php:577
[26-Feb-2020 07:42:11 UTC] PHP Parse error:  syntax error, unexpected '}', expecting ',' or ';' in /Users/biancakaritas/Local Sites/meter/app/public/wp-content/themes/meter/archive.php on line 7
[26-Feb-2020 11:40:18 UTC] PHP Parse error:  syntax error, unexpected '}', expecting ',' or ';' in /Users/biancakaritas/Local Sites/meter/app/public/wp-content/themes/meter/archive.php on line 7
[26-Feb-2020 11:54:21 UTC] PHP Fatal error:  Uncaught Error: Function name must be a string in /Users/biancakaritas/Local Sites/meter/app/public/wp-content/themes/meter/single.php:14
Stack trace:
#0 /Users/biancakaritas/Local Sites/meter/app/public/wp-includes/template-loader.php(98): include()
#1 /Users/biancakaritas/Local Sites/meter/app/public/wp-blog-header.php(19): require_once('/Users/biancaka...')
#2 /Users/biancakaritas/Local Sites/meter/app/public/index.php(17): require('/Users/biancaka...')
#3 {main}
  thrown in /Users/biancakaritas/Local Sites/meter/app/public/wp-content/themes/meter/single.php on line 14
[26-Feb-2020 12:00:29 UTC] PHP Fatal error:  Uncaught Error: Call to undefined method WP_Term::name() in /Users/biancakaritas/Local Sites/meter/app/public/wp-content/themes/meter/single.php:14
Stack trace:
#0 /Users/biancakaritas/Local Sites/meter/app/public/wp-includes/template-loader.php(98): include()
#1 /Users/biancakaritas/Local Sites/meter/app/public/wp-blog-header.php(19): require_once('/Users/biancaka...')
#2 /Users/biancakaritas/Local Sites/meter/app/public/index.php(17): require('/Users/biancaka...')
#3 {main}
  thrown in /Users/biancakaritas/Local Sites/meter/app/public/wp-content/themes/meter/single.php on line 14
[26-Feb-2020 12:45:48 UTC] PHP Fatal error:  'break' not in the 'loop' or 'switch' context in /Users/biancakaritas/Local Sites/meter/app/public/wp-content/themes/meter/archive.php on line 18
[26-Feb-2020 12:45:48 UTC] PHP Stack trace:
[26-Feb-2020 12:45:48 UTC] PHP   1. {main}() /Users/biancakaritas/Local Sites/meter/app/public/index.php:0
[26-Feb-2020 12:45:48 UTC] PHP   2. require() /Users/biancakaritas/Local Sites/meter/app/public/index.php:17
[26-Feb-2020 12:45:48 UTC] PHP   3. require_once() /Users/biancakaritas/Local Sites/meter/app/public/wp-blog-header.php:19
